mode: set
github.com/cs161-staff/project2-starter-code/client/client.go:40.25,52.16 5 0
github.com/cs161-staff/project2-starter-code/client/client.go:52.16,57.81 1 0
github.com/cs161-staff/project2-starter-code/client/client.go:59.2,69.16 5 0
github.com/cs161-staff/project2-starter-code/client/client.go:69.16,70.13 1 0
github.com/cs161-staff/project2-starter-code/client/client.go:73.2,89.16 9 0
github.com/cs161-staff/project2-starter-code/client/client.go:89.16,90.13 1 0
github.com/cs161-staff/project2-starter-code/client/client.go:92.2,104.37 3 0
github.com/cs161-staff/project2-starter-code/client/client.go:168.37,172.16 3 1
github.com/cs161-staff/project2-starter-code/client/client.go:172.16,174.3 1 0
github.com/cs161-staff/project2-starter-code/client/client.go:175.2,175.12 1 1
github.com/cs161-staff/project2-starter-code/client/client.go:179.56,186.16 3 1
github.com/cs161-staff/project2-starter-code/client/client.go:186.16,188.3 1 0
github.com/cs161-staff/project2-starter-code/client/client.go:191.2,191.28 1 1
github.com/cs161-staff/project2-starter-code/client/client.go:195.62,199.16 4 1
github.com/cs161-staff/project2-starter-code/client/client.go:199.16,201.3 1 0
github.com/cs161-staff/project2-starter-code/client/client.go:202.2,202.45 1 1
github.com/cs161-staff/project2-starter-code/client/client.go:202.45,204.3 1 0
github.com/cs161-staff/project2-starter-code/client/client.go:205.2,205.25 1 1
github.com/cs161-staff/project2-starter-code/client/client.go:209.70,215.9 6 1
github.com/cs161-staff/project2-starter-code/client/client.go:215.9,217.3 1 0
github.com/cs161-staff/project2-starter-code/client/client.go:218.2,220.14 3 1
github.com/cs161-staff/project2-starter-code/client/client.go:220.14,222.3 1 0
github.com/cs161-staff/project2-starter-code/client/client.go:223.2,225.16 3 1
github.com/cs161-staff/project2-starter-code/client/client.go:229.102,235.9 6 1
github.com/cs161-staff/project2-starter-code/client/client.go:235.9,237.3 1 0
github.com/cs161-staff/project2-starter-code/client/client.go:238.2,240.14 3 1
github.com/cs161-staff/project2-starter-code/client/client.go:240.14,242.3 1 0
github.com/cs161-staff/project2-starter-code/client/client.go:243.2,245.40 3 1
github.com/cs161-staff/project2-starter-code/client/client.go:249.64,255.12 6 1
github.com/cs161-staff/project2-starter-code/client/client.go:255.12,257.3 1 0
github.com/cs161-staff/project2-starter-code/client/client.go:258.2,260.14 3 1
github.com/cs161-staff/project2-starter-code/client/client.go:260.14,262.3 1 0
github.com/cs161-staff/project2-starter-code/client/client.go:263.2,265.18 3 1
github.com/cs161-staff/project2-starter-code/client/client.go:265.18,269.17 4 1
github.com/cs161-staff/project2-starter-code/client/client.go:269.17,271.4 1 0
github.com/cs161-staff/project2-starter-code/client/client.go:272.3,272.22 1 1
github.com/cs161-staff/project2-starter-code/client/client.go:274.2,274.21 1 1
github.com/cs161-staff/project2-starter-code/client/client.go:277.71,283.12 6 1
github.com/cs161-staff/project2-starter-code/client/client.go:283.12,285.3 1 1
github.com/cs161-staff/project2-starter-code/client/client.go:286.2,288.14 3 1
github.com/cs161-staff/project2-starter-code/client/client.go:288.14,290.3 1 0
github.com/cs161-staff/project2-starter-code/client/client.go:291.2,293.35 3 1
github.com/cs161-staff/project2-starter-code/client/client.go:296.71,302.9 6 1
github.com/cs161-staff/project2-starter-code/client/client.go:302.9,304.3 1 0
github.com/cs161-staff/project2-starter-code/client/client.go:305.2,307.14 3 1
github.com/cs161-staff/project2-starter-code/client/client.go:307.14,309.3 1 0
github.com/cs161-staff/project2-starter-code/client/client.go:310.2,312.26 3 1
github.com/cs161-staff/project2-starter-code/client/client.go:316.72,320.16 4 1
github.com/cs161-staff/project2-starter-code/client/client.go:320.16,322.3 1 0
github.com/cs161-staff/project2-starter-code/client/client.go:323.2,327.16 5 1
github.com/cs161-staff/project2-starter-code/client/client.go:327.16,329.3 1 0
github.com/cs161-staff/project2-starter-code/client/client.go:330.2,331.12 2 1
github.com/cs161-staff/project2-starter-code/client/client.go:334.79,337.16 3 1
github.com/cs161-staff/project2-starter-code/client/client.go:337.16,339.3 1 0
github.com/cs161-staff/project2-starter-code/client/client.go:340.2,341.18 2 1
github.com/cs161-staff/project2-starter-code/client/client.go:344.37,346.24 2 1
github.com/cs161-staff/project2-starter-code/client/client.go:346.24,349.3 2 1
github.com/cs161-staff/project2-starter-code/client/client.go:350.2,350.12 1 1
github.com/cs161-staff/project2-starter-code/client/client.go:353.49,355.35 2 1
github.com/cs161-staff/project2-starter-code/client/client.go:355.35,358.3 2 1
github.com/cs161-staff/project2-starter-code/client/client.go:359.2,359.12 1 1
github.com/cs161-staff/project2-starter-code/client/client.go:362.74,368.9 6 1
github.com/cs161-staff/project2-starter-code/client/client.go:368.9,370.3 1 0
github.com/cs161-staff/project2-starter-code/client/client.go:371.2,374.16 4 1
github.com/cs161-staff/project2-starter-code/client/client.go:374.16,376.3 1 0
github.com/cs161-staff/project2-starter-code/client/client.go:377.2,378.9 2 1
github.com/cs161-staff/project2-starter-code/client/client.go:378.9,380.3 1 0
github.com/cs161-staff/project2-starter-code/client/client.go:381.2,383.16 3 1
github.com/cs161-staff/project2-starter-code/client/client.go:383.16,385.3 1 0
github.com/cs161-staff/project2-starter-code/client/client.go:386.2,387.17 2 1
github.com/cs161-staff/project2-starter-code/client/client.go:390.69,396.9 6 1
github.com/cs161-staff/project2-starter-code/client/client.go:396.9,398.3 1 1
github.com/cs161-staff/project2-starter-code/client/client.go:399.2,402.16 4 1
github.com/cs161-staff/project2-starter-code/client/client.go:402.16,404.3 1 1
github.com/cs161-staff/project2-starter-code/client/client.go:405.2,406.9 2 1
github.com/cs161-staff/project2-starter-code/client/client.go:406.9,408.3 1 0
github.com/cs161-staff/project2-starter-code/client/client.go:409.2,411.16 3 1
github.com/cs161-staff/project2-starter-code/client/client.go:411.16,413.3 1 0
github.com/cs161-staff/project2-starter-code/client/client.go:414.2,415.17 2 1
github.com/cs161-staff/project2-starter-code/client/client.go:418.70,421.16 2 1
github.com/cs161-staff/project2-starter-code/client/client.go:421.16,423.3 1 1
github.com/cs161-staff/project2-starter-code/client/client.go:425.2,432.11 3 1
github.com/cs161-staff/project2-starter-code/client/client.go:432.11,434.3 1 0
github.com/cs161-staff/project2-starter-code/client/client.go:435.2,436.25 2 1
github.com/cs161-staff/project2-starter-code/client/client.go:436.25,438.3 1 0
github.com/cs161-staff/project2-starter-code/client/client.go:439.2,439.23 1 1
github.com/cs161-staff/project2-starter-code/client/client.go:442.80,451.20 5 1
github.com/cs161-staff/project2-starter-code/client/client.go:451.20,453.3 1 1
github.com/cs161-staff/project2-starter-code/client/client.go:455.2,459.12 3 1
github.com/cs161-staff/project2-starter-code/client/client.go:459.12,461.3 1 1
github.com/cs161-staff/project2-starter-code/client/client.go:464.2,465.16 2 1
github.com/cs161-staff/project2-starter-code/client/client.go:465.16,467.3 1 0
github.com/cs161-staff/project2-starter-code/client/client.go:470.2,471.16 2 1
github.com/cs161-staff/project2-starter-code/client/client.go:471.16,473.3 1 0
github.com/cs161-staff/project2-starter-code/client/client.go:476.2,518.16 24 1
github.com/cs161-staff/project2-starter-code/client/client.go:518.16,520.3 1 0
github.com/cs161-staff/project2-starter-code/client/client.go:523.2,524.16 2 1
github.com/cs161-staff/project2-starter-code/client/client.go:524.16,526.3 1 0
github.com/cs161-staff/project2-starter-code/client/client.go:529.2,538.16 7 1
github.com/cs161-staff/project2-starter-code/client/client.go:538.16,540.3 1 0
github.com/cs161-staff/project2-starter-code/client/client.go:542.2,545.25 2 1
github.com/cs161-staff/project2-starter-code/client/client.go:548.79,554.13 6 1
github.com/cs161-staff/project2-starter-code/client/client.go:554.13,556.3 1 1
github.com/cs161-staff/project2-starter-code/client/client.go:559.2,563.9 3 1
github.com/cs161-staff/project2-starter-code/client/client.go:563.9,565.3 1 1
github.com/cs161-staff/project2-starter-code/client/client.go:567.2,575.16 4 1
github.com/cs161-staff/project2-starter-code/client/client.go:575.16,577.3 1 0
github.com/cs161-staff/project2-starter-code/client/client.go:580.2,580.52 1 1
github.com/cs161-staff/project2-starter-code/client/client.go:580.52,582.3 1 1
github.com/cs161-staff/project2-starter-code/client/client.go:585.2,586.14 2 1
github.com/cs161-staff/project2-starter-code/client/client.go:586.14,588.3 1 0
github.com/cs161-staff/project2-starter-code/client/client.go:591.2,596.16 4 1
github.com/cs161-staff/project2-starter-code/client/client.go:596.16,598.3 1 0
github.com/cs161-staff/project2-starter-code/client/client.go:599.2,601.25 2 1
github.com/cs161-staff/project2-starter-code/client/client.go:604.78,605.24 1 1
github.com/cs161-staff/project2-starter-code/client/client.go:605.24,607.3 1 0
github.com/cs161-staff/project2-starter-code/client/client.go:609.2,611.16 2 1
github.com/cs161-staff/project2-starter-code/client/client.go:611.16,613.3 1 0
github.com/cs161-staff/project2-starter-code/client/client.go:615.2,624.8 7 1
github.com/cs161-staff/project2-starter-code/client/client.go:624.8,625.17 1 1
github.com/cs161-staff/project2-starter-code/client/client.go:625.17,627.4 1 0
github.com/cs161-staff/project2-starter-code/client/client.go:634.2,641.50 8 1
github.com/cs161-staff/project2-starter-code/client/client.go:641.50,643.3 1 1
github.com/cs161-staff/project2-starter-code/client/client.go:644.2,654.16 5 1
github.com/cs161-staff/project2-starter-code/client/client.go:654.16,656.3 1 0
github.com/cs161-staff/project2-starter-code/client/client.go:659.2,663.10 3 1
github.com/cs161-staff/project2-starter-code/client/client.go:663.10,665.17 2 0
github.com/cs161-staff/project2-starter-code/client/client.go:665.17,667.4 1 0
github.com/cs161-staff/project2-starter-code/client/client.go:668.3,669.28 2 0
github.com/cs161-staff/project2-starter-code/client/client.go:674.2,676.12 2 1
github.com/cs161-staff/project2-starter-code/client/client.go:679.75,680.24 1 1
github.com/cs161-staff/project2-starter-code/client/client.go:680.24,682.3 1 0
github.com/cs161-staff/project2-starter-code/client/client.go:690.2,694.16 4 1
github.com/cs161-staff/project2-starter-code/client/client.go:694.16,696.3 1 1
github.com/cs161-staff/project2-starter-code/client/client.go:698.2,703.16 4 1
github.com/cs161-staff/project2-starter-code/client/client.go:703.16,705.3 1 0
github.com/cs161-staff/project2-starter-code/client/client.go:707.2,709.16 2 1
github.com/cs161-staff/project2-starter-code/client/client.go:709.16,711.3 1 0
github.com/cs161-staff/project2-starter-code/client/client.go:712.2,734.16 13 1
github.com/cs161-staff/project2-starter-code/client/client.go:734.16,736.3 1 0
github.com/cs161-staff/project2-starter-code/client/client.go:737.2,740.16 3 1
github.com/cs161-staff/project2-starter-code/client/client.go:740.16,742.3 1 0
github.com/cs161-staff/project2-starter-code/client/client.go:744.2,760.16 8 1
github.com/cs161-staff/project2-starter-code/client/client.go:760.16,762.3 1 0
github.com/cs161-staff/project2-starter-code/client/client.go:763.2,765.10 2 1
github.com/cs161-staff/project2-starter-code/client/client.go:765.10,767.17 2 1
github.com/cs161-staff/project2-starter-code/client/client.go:767.17,769.4 1 0
github.com/cs161-staff/project2-starter-code/client/client.go:770.3,771.29 2 1
github.com/cs161-staff/project2-starter-code/client/client.go:774.2,775.16 2 1
github.com/cs161-staff/project2-starter-code/client/client.go:775.16,777.3 1 0
github.com/cs161-staff/project2-starter-code/client/client.go:779.2,779.12 1 1
github.com/cs161-staff/project2-starter-code/client/client.go:782.77,783.24 1 1
github.com/cs161-staff/project2-starter-code/client/client.go:783.24,785.3 1 0
github.com/cs161-staff/project2-starter-code/client/client.go:786.2,790.16 4 1
github.com/cs161-staff/project2-starter-code/client/client.go:790.16,792.3 1 1
github.com/cs161-staff/project2-starter-code/client/client.go:794.2,801.16 4 1
github.com/cs161-staff/project2-starter-code/client/client.go:801.16,803.3 1 0
github.com/cs161-staff/project2-starter-code/client/client.go:807.2,812.16 6 1
github.com/cs161-staff/project2-starter-code/client/client.go:812.16,814.3 1 0
github.com/cs161-staff/project2-starter-code/client/client.go:815.2,817.28 3 1
github.com/cs161-staff/project2-starter-code/client/client.go:817.28,822.28 2 1
github.com/cs161-staff/project2-starter-code/client/client.go:822.28,823.9 1 1
github.com/cs161-staff/project2-starter-code/client/client.go:825.3,830.17 6 1
github.com/cs161-staff/project2-starter-code/client/client.go:830.17,832.4 1 0
github.com/cs161-staff/project2-starter-code/client/client.go:833.3,833.44 1 1
github.com/cs161-staff/project2-starter-code/client/client.go:835.2,835.21 1 1
github.com/cs161-staff/project2-starter-code/client/client.go:839.38,840.24 1 1
github.com/cs161-staff/project2-starter-code/client/client.go:840.24,842.3 1 0
github.com/cs161-staff/project2-starter-code/client/client.go:843.2,853.16 10 1
github.com/cs161-staff/project2-starter-code/client/client.go:853.16,855.3 1 0
github.com/cs161-staff/project2-starter-code/client/client.go:859.2,863.12 4 1
github.com/cs161-staff/project2-starter-code/client/client.go:863.12,865.3 1 0
github.com/cs161-staff/project2-starter-code/client/client.go:867.2,869.9 2 1
github.com/cs161-staff/project2-starter-code/client/client.go:869.9,871.3 1 0
github.com/cs161-staff/project2-starter-code/client/client.go:873.2,875.14 3 1
github.com/cs161-staff/project2-starter-code/client/client.go:875.14,877.3 1 0
github.com/cs161-staff/project2-starter-code/client/client.go:878.2,886.16 6 1
github.com/cs161-staff/project2-starter-code/client/client.go:886.16,888.3 1 0
github.com/cs161-staff/project2-starter-code/client/client.go:890.2,890.18 1 1
github.com/cs161-staff/project2-starter-code/client/client.go:890.18,893.10 3 0
github.com/cs161-staff/project2-starter-code/client/client.go:893.10,895.4 1 0
github.com/cs161-staff/project2-starter-code/client/client.go:896.3,898.15 3 0
github.com/cs161-staff/project2-starter-code/client/client.go:898.15,900.4 1 0
github.com/cs161-staff/project2-starter-code/client/client.go:901.3,906.32 6 0
github.com/cs161-staff/project2-starter-code/client/client.go:907.8,913.17 6 1
github.com/cs161-staff/project2-starter-code/client/client.go:913.17,915.4 1 0
github.com/cs161-staff/project2-starter-code/client/client.go:916.3,918.17 2 1
github.com/cs161-staff/project2-starter-code/client/client.go:918.17,920.4 1 0
github.com/cs161-staff/project2-starter-code/client/client.go:922.3,922.54 1 1
github.com/cs161-staff/project2-starter-code/client/client.go:922.54,923.41 1 1
github.com/cs161-staff/project2-starter-code/client/client.go:923.41,925.5 1 0
github.com/cs161-staff/project2-starter-code/client/client.go:925.10,927.5 1 1
github.com/cs161-staff/project2-starter-code/client/client.go:929.3,934.61 4 1
github.com/cs161-staff/project2-starter-code/client/client.go:936.2,939.16 3 1
github.com/cs161-staff/project2-starter-code/client/client.go:939.16,941.3 1 0
github.com/cs161-staff/project2-starter-code/client/client.go:943.2,946.16 3 1
github.com/cs161-staff/project2-starter-code/client/client.go:946.16,948.3 1 0
github.com/cs161-staff/project2-starter-code/client/client.go:950.2,954.9 4 1
github.com/cs161-staff/project2-starter-code/client/client.go:954.9,956.3 1 0
github.com/cs161-staff/project2-starter-code/client/client.go:958.2,960.16 2 1
github.com/cs161-staff/project2-starter-code/client/client.go:960.16,962.3 1 0
github.com/cs161-staff/project2-starter-code/client/client.go:964.2,968.16 4 1
github.com/cs161-staff/project2-starter-code/client/client.go:968.16,970.3 1 0
github.com/cs161-staff/project2-starter-code/client/client.go:972.2,975.16 3 1
github.com/cs161-staff/project2-starter-code/client/client.go:975.16,977.3 1 0
github.com/cs161-staff/project2-starter-code/client/client.go:979.2,980.27 2 1
github.com/cs161-staff/project2-starter-code/client/client.go:983.111,984.24 1 1
github.com/cs161-staff/project2-starter-code/client/client.go:984.24,986.3 1 0
github.com/cs161-staff/project2-starter-code/client/client.go:988.2,990.16 2 1
github.com/cs161-staff/project2-starter-code/client/client.go:990.16,992.3 1 0
github.com/cs161-staff/project2-starter-code/client/client.go:994.2,996.8 2 1
github.com/cs161-staff/project2-starter-code/client/client.go:996.8,998.3 1 0
github.com/cs161-staff/project2-starter-code/client/client.go:1000.2,1008.12 8 1
github.com/cs161-staff/project2-starter-code/client/client.go:1008.12,1010.3 1 0
github.com/cs161-staff/project2-starter-code/client/client.go:1011.2,1015.9 3 1
github.com/cs161-staff/project2-starter-code/client/client.go:1015.9,1017.3 1 0
github.com/cs161-staff/project2-starter-code/client/client.go:1018.2,1020.16 2 1
github.com/cs161-staff/project2-starter-code/client/client.go:1020.16,1022.3 1 1
github.com/cs161-staff/project2-starter-code/client/client.go:1024.2,1026.16 2 1
github.com/cs161-staff/project2-starter-code/client/client.go:1026.16,1028.3 1 0
github.com/cs161-staff/project2-starter-code/client/client.go:1030.2,1044.12 13 1
github.com/cs161-staff/project2-starter-code/client/client.go:1047.85,1049.16 2 0
github.com/cs161-staff/project2-starter-code/client/client.go:1049.16,1051.3 1 0
github.com/cs161-staff/project2-starter-code/client/client.go:1052.2,1053.9 2 0
github.com/cs161-staff/project2-starter-code/client/client.go:1053.9,1055.3 1 0
github.com/cs161-staff/project2-starter-code/client/client.go:1057.2,1061.16 3 0
github.com/cs161-staff/project2-starter-code/client/client.go:1061.16,1063.3 1 0
github.com/cs161-staff/project2-starter-code/client/client.go:1065.2,1067.16 2 0
github.com/cs161-staff/project2-starter-code/client/client.go:1067.16,1069.3 1 0
github.com/cs161-staff/project2-starter-code/client/client.go:1071.2,1073.31 2 0
github.com/cs161-staff/project2-starter-code/client/client.go:1073.31,1075.3 1 0
github.com/cs161-staff/project2-starter-code/client/client.go:1080.2,1080.63 1 0
github.com/cs161-staff/project2-starter-code/client/client.go:1080.63,1081.40 1 0
github.com/cs161-staff/project2-starter-code/client/client.go:1081.40,1083.26 1 0
github.com/cs161-staff/project2-starter-code/client/client.go:1083.26,1084.27 1 0
github.com/cs161-staff/project2-starter-code/client/client.go:1084.27,1088.6 2 0
github.com/cs161-staff/project2-starter-code/client/client.go:1092.2,1105.16 4 0
github.com/cs161-staff/project2-starter-code/client/client.go:1105.16,1107.3 1 0
github.com/cs161-staff/project2-starter-code/client/client.go:1108.2,1113.12 2 0
github.com/cs161-staff/project2-starter-code/client/client.go:1113.12,1115.3 1 0
github.com/cs161-staff/project2-starter-code/client/client.go:1115.8,1117.3 1 0
github.com/cs161-staff/project2-starter-code/client/client.go:1123.2,1149.16 20 0
github.com/cs161-staff/project2-starter-code/client/client.go:1149.16,1151.3 1 0
github.com/cs161-staff/project2-starter-code/client/client.go:1153.2,1156.16 3 0
github.com/cs161-staff/project2-starter-code/client/client.go:1156.16,1158.3 1 0
github.com/cs161-staff/project2-starter-code/client/client.go:1160.2,1162.32 2 0
github.com/cs161-staff/project2-starter-code/client/client.go:1162.32,1168.10 6 0
github.com/cs161-staff/project2-starter-code/client/client.go:1168.10,1170.4 1 0
github.com/cs161-staff/project2-starter-code/client/client.go:1171.3,1173.15 3 0
github.com/cs161-staff/project2-starter-code/client/client.go:1173.15,1175.4 1 0
github.com/cs161-staff/project2-starter-code/client/client.go:1176.3,1179.66 4 0
github.com/cs161-staff/project2-starter-code/client/client.go:1181.2,1181.12 1 0
